2020-10-12T13:32:17-0400 [INFO    ] dandi Traversing remote dandisets (000039) recursively
2020-10-12T13:32:17-0400 [INFO    ] backups2datalad.py Updating metadata file
2020-10-12T13:32:25-0400 [INFO    ] backups2datalad.py Syncing asset /sub-661968859/sub-661968859_ses-682746585_behavior+ophys.nwb
2020-10-12T13:32:25-0400 [INFO    ] backups2datalad.py Asset in dataset, and hash shows no modification; will not update
2020-10-12T13:32:25-0400 [INFO    ] backups2datalad.py Syncing asset /sub-664605504/sub-664605504_ses-694856258_behavior+ophys.nwb
2020-10-12T13:32:25-0400 [INFO    ] backups2datalad.py Asset in dataset, and hash shows no modification; will not update
2020-10-12T13:32:25-0400 [INFO    ] backups2datalad.py Syncing asset /sub-664605504/sub-664605504_ses-695462675_behavior+ophys.nwb
2020-10-12T13:32:26-0400 [INFO    ] backups2datalad.py Asset in dataset, and hash shows no modification; will not update
2020-10-12T13:32:26-0400 [INFO    ] backups2datalad.py Syncing asset /sub-664605504/sub-664605504_ses-696537321_behavior+ophys.nwb
2020-10-12T13:32:26-0400 [INFO    ] backups2datalad.py Asset in dataset, and hash shows no modification; will not update
2020-10-12T13:32:26-0400 [INFO    ] backups2datalad.py Syncing asset /sub-666788991/sub-666788991_ses-686569087_behavior+ophys.nwb
2020-10-12T13:32:27-0400 [INFO    ] backups2datalad.py Asset in dataset, and hash shows no modification; will not update
2020-10-12T13:32:27-0400 [INFO    ] backups2datalad.py Syncing asset /sub-666839638/sub-666839638_ses-692796041_behavior+ophys.nwb
2020-10-12T13:32:27-0400 [INFO    ] backups2datalad.py Asset in dataset, and hash shows no modification; will not update
2020-10-12T13:32:27-0400 [INFO    ] backups2datalad.py Syncing asset /sub-666839638/sub-666839638_ses-693268220_behavior+ophys.nwb
2020-10-12T13:32:27-0400 [INFO    ] backups2datalad.py Asset in dataset, and hash shows no modification; will not update
2020-10-12T13:32:27-0400 [INFO    ] backups2datalad.py Syncing asset /sub-666839638/sub-666839638_ses-693811236_behavior+ophys.nwb
2020-10-12T13:32:28-0400 [INFO    ] backups2datalad.py Asset in dataset, and hash shows no modification; will not update
2020-10-12T13:32:28-0400 [INFO    ] backups2datalad.py Syncing asset /sub-666839638/sub-666839638_ses-694475497_behavior+ophys.nwb
2020-10-12T13:32:28-0400 [INFO    ] backups2datalad.py Asset in dataset, and hash shows no modification; will not update
2020-10-12T13:32:28-0400 [INFO    ] backups2datalad.py Syncing asset /sub-666839638/sub-666839638_ses-694867337_behavior+ophys.nwb
2020-10-12T13:32:29-0400 [INFO    ] backups2datalad.py Asset in dataset, and hash shows no modification; will not update
2020-10-12T13:32:29-0400 [INFO    ] backups2datalad.py Syncing asset /sub-666839638/sub-666839638_ses-695464266_behavior+ophys.nwb
2020-10-12T13:32:29-0400 [INFO    ] backups2datalad.py Asset in dataset, and hash shows no modification; will not update
2020-10-12T13:32:29-0400 [INFO    ] backups2datalad.py Syncing asset /sub-669165768/sub-669165768_ses-691862168_behavior+ophys.nwb
2020-10-12T13:32:29-0400 [INFO    ] backups2datalad.py Asset in dataset, and hash shows no modification; will not update
2020-10-12T13:32:29-0400 [INFO    ] backups2datalad.py Syncing asset /sub-669165768/sub-669165768_ses-695640480_behavior+ophys.nwb
2020-10-12T13:32:30-0400 [INFO    ] backups2datalad.py Asset in dataset, and hash shows no modification; will not update
2020-10-12T13:32:30-0400 [INFO    ] backups2datalad.py Syncing asset /sub-671540231/sub-671540231_ses-689723323_behavior+ophys.nwb
2020-10-12T13:32:30-0400 [INFO    ] backups2datalad.py Asset in dataset, and hash shows no modification; will not update
2020-10-12T13:32:30-0400 [INFO    ] backups2datalad.py Syncing asset /sub-671540231/sub-671540231_ses-690751383_behavior+ophys.nwb
2020-10-12T13:32:31-0400 [INFO    ] backups2datalad.py Asset in dataset, and hash shows no modification; will not update
2020-10-12T13:32:31-0400 [INFO    ] backups2datalad.py Syncing asset /sub-671540231/sub-671540231_ses-692130296_behavior+ophys.nwb
2020-10-12T13:32:31-0400 [INFO    ] backups2datalad.py Asset in dataset, and hash shows no modification; will not update
2020-10-12T13:32:31-0400 [INFO    ] backups2datalad.py Syncing asset /sub-671540231/sub-671540231_ses-692713539_behavior+ophys.nwb
2020-10-12T13:32:31-0400 [INFO    ] backups2datalad.py Asset in dataset, and hash shows no modification; will not update
2020-10-12T13:32:31-0400 [INFO    ] backups2datalad.py Syncing asset /sub-671540231/sub-671540231_ses-694777122_behavior+ophys.nwb
2020-10-12T13:32:32-0400 [INFO    ] backups2datalad.py Asset in dataset, and hash shows no modification; will not update
2020-10-12T13:32:32-0400 [INFO    ] backups2datalad.py Syncing asset /sub-671540231/sub-671540231_ses-695414843_behavior+ophys.nwb
2020-10-12T13:32:32-0400 [INFO    ] backups2datalad.py Asset in dataset, and hash shows no modification; will not update
2020-10-12T13:32:32-0400 [INFO    ] backups2datalad.py Syncing asset /sub-673580710/sub-673580710_ses-692496401_behavior+ophys.nwb
2020-10-12T13:32:33-0400 [INFO    ] backups2datalad.py Asset in dataset, and hash shows no modification; will not update
2020-10-12T13:32:33-0400 [INFO    ] backups2datalad.py Syncing asset /sub-673647168/sub-673647168_ses-698273664_behavior+ophys.nwb
2020-10-12T13:32:33-0400 [INFO    ] backups2datalad.py Asset in dataset, and hash shows no modification; will not update
2020-10-12T13:32:33-0400 [INFO    ] backups2datalad.py Syncing asset /sub-673647168/sub-673647168_ses-698783832_behavior+ophys.nwb
2020-10-12T13:32:33-0400 [INFO    ] backups2datalad.py Asset in dataset, and hash shows no modification; will not update
2020-10-12T13:32:33-0400 [INFO    ] backups2datalad.py Syncing asset /sub-673728456/sub-673728456_ses-696250333_behavior+ophys.nwb
2020-10-12T13:32:34-0400 [INFO    ] backups2datalad.py Asset in dataset, and hash shows no modification; will not update
2020-10-12T13:32:34-0400 [INFO    ] backups2datalad.py Syncing asset /sub-673728456/sub-673728456_ses-698273667_behavior+ophys.nwb
2020-10-12T13:32:34-0400 [INFO    ] backups2datalad.py Asset in dataset, and hash shows no modification; will not update
2020-10-12T13:32:34-0400 [INFO    ] backups2datalad.py Syncing asset /sub-675881553/sub-675881553_ses-692896730_behavior+ophys.nwb
2020-10-12T13:32:34-0400 [INFO    ] backups2datalad.py Asset in dataset, and hash shows no modification; will not update
2020-10-12T13:32:34-0400 [INFO    ] backups2datalad.py Syncing asset /sub-675881553/sub-675881553_ses-693352070_behavior+ophys.nwb
2020-10-12T13:32:35-0400 [INFO    ] backups2datalad.py Asset in dataset, and hash shows no modification; will not update
2020-10-12T13:32:35-0400 [INFO    ] backups2datalad.py Syncing asset /sub-675881553/sub-675881553_ses-693913351_behavior+ophys.nwb
2020-10-12T13:32:37-0400 [INFO    ] backups2datalad.py Asset in dataset, and hash shows no modification; will not update
2020-10-12T13:32:37-0400 [INFO    ] backups2datalad.py Syncing asset /sub-675881553/sub-675881553_ses-694568572_behavior+ophys.nwb
2020-10-12T13:32:37-0400 [INFO    ] backups2datalad.py Asset in dataset, and hash shows no modification; will not update
2020-10-12T13:32:37-0400 [INFO    ] backups2datalad.py Syncing asset /sub-678530120/sub-678530120_ses-696742747_behavior+ophys.nwb
2020-10-12T13:32:37-0400 [INFO    ] backups2datalad.py Asset in dataset, and hash shows no modification; will not update
2020-10-12T13:32:37-0400 [INFO    ] backups2datalad.py Syncing asset /sub-678530120/sub-678530120_ses-697383979_behavior+ophys.nwb
2020-10-12T13:32:38-0400 [INFO    ] backups2datalad.py Asset in dataset, and hash shows no modification; will not update
2020-10-12T13:32:38-0400 [INFO    ] backups2datalad.py Syncing asset /sub-678653760/sub-678653760_ses-701070416_behavior+ophys.nwb
2020-10-12T13:32:38-0400 [INFO    ] backups2datalad.py Asset in dataset, and hash shows no modification; will not update
2020-10-12T13:32:38-0400 [INFO    ] backups2datalad.py Syncing asset /sub-699590236/sub-699590236_ses-712155740_behavior+ophys.nwb
2020-10-12T13:32:38-0400 [INFO    ] backups2datalad.py Asset in dataset, and hash shows no modification; will not update
2020-10-12T13:32:38-0400 [INFO    ] backups2datalad.py Syncing asset /sub-699590236/sub-699590236_ses-716532289_behavior+ophys.nwb
2020-10-12T13:32:39-0400 [INFO    ] backups2datalad.py Asset in dataset, and hash shows no modification; will not update
2020-10-12T13:32:39-0400 [INFO    ] backups2datalad.py Syncing asset /sub-699590236/sub-699590236_ses-722443494_behavior+ophys.nwb
2020-10-12T13:32:39-0400 [INFO    ] backups2datalad.py Asset in dataset, and hash shows no modification; will not update
2020-10-12T13:32:39-0400 [INFO    ] backups2datalad.py Syncing asset /sub-699590236/sub-699590236_ses-724712005_behavior+ophys.nwb
2020-10-12T13:32:40-0400 [INFO    ] backups2datalad.py Asset in dataset, and hash shows no modification; will not update
2020-10-12T13:32:40-0400 [INFO    ] backups2datalad.py Syncing asset /sub-699590236/sub-699590236_ses-727153911_behavior+ophys.nwb
2020-10-12T13:32:40-0400 [INFO    ] backups2datalad.py Asset in dataset, and hash shows no modification; will not update
2020-10-12T13:32:40-0400 [INFO    ] backups2datalad.py Syncing asset /sub-710318403/sub-710318403_ses-728188287_behavior+ophys.nwb
2020-10-12T13:32:40-0400 [INFO    ] backups2datalad.py Asset in dataset, and hash shows no modification; will not update
2020-10-12T13:32:40-0400 [INFO    ] backups2datalad.py Syncing asset /sub-710318403/sub-710318403_ses-731095575_behavior+ophys.nwb
2020-10-12T13:32:41-0400 [INFO    ] backups2datalad.py Asset in dataset, and hash shows no modification; will not update
2020-10-12T13:32:41-0400 [INFO    ] backups2datalad.py Syncing asset /sub-710318403/sub-710318403_ses-732239538_behavior+ophys.nwb
2020-10-12T13:32:41-0400 [INFO    ] backups2datalad.py Asset in dataset, and hash shows no modification; will not update
2020-10-12T13:32:41-0400 [INFO    ] backups2datalad.py Syncing asset /sub-710318403/sub-710318403_ses-734322185_behavior+ophys.nwb
2020-10-12T13:32:41-0400 [INFO    ] backups2datalad.py Asset in dataset, and hash shows no modification; will not update
2020-10-12T13:32:41-0400 [INFO    ] backups2datalad.py Syncing asset /sub-726138104/sub-726138104_ses-750551095_behavior+ophys.nwb
2020-10-12T13:32:42-0400 [INFO    ] backups2datalad.py Asset in dataset, and hash shows no modification; will not update
2020-10-12T13:32:42-0400 [INFO    ] backups2datalad.py Syncing asset /sub-726138104/sub-726138104_ses-750900420_behavior+ophys.nwb
2020-10-12T13:32:42-0400 [INFO    ] backups2datalad.py Asset in dataset, and hash shows no modification; will not update
2020-10-12T13:32:42-0400 [INFO    ] backups2datalad.py Syncing asset /sub-727126845/sub-727126845_ses-756102026_behavior+ophys.nwb
2020-10-12T13:32:43-0400 [INFO    ] backups2datalad.py Asset in dataset, and hash shows no modification; will not update
2020-10-12T13:32:43-0400 [INFO    ] backups2datalad.py Syncing asset /sub-745634050/sub-745634050_ses-762656639_behavior+ophys.nwb
2020-10-12T13:32:43-0400 [INFO    ] backups2datalad.py Asset in dataset, and hash shows no modification; will not update
2020-10-12T13:32:43-0400 [INFO    ] backups2datalad.py Syncing asset /sub-745634050/sub-745634050_ses-763196272_behavior+ophys.nwb
2020-10-12T13:32:43-0400 [INFO    ] backups2datalad.py Asset in dataset, and hash shows no modification; will not update
2020-10-12T13:32:43-0400 [INFO    ] backups2datalad.py Syncing asset /sub-746910369/sub-746910369_ses-764175792_behavior+ophys.nwb
2020-10-12T13:32:44-0400 [INFO    ] backups2datalad.py Asset in dataset, and hash shows no modification; will not update
2020-10-12T13:32:44-0400 [INFO    ] backups2datalad.py Syncing asset /sub-746910369/sub-746910369_ses-764554525_behavior+ophys.nwb
2020-10-12T13:32:44-0400 [INFO    ] backups2datalad.py Asset in dataset, and hash shows no modification; will not update
2020-10-12T13:32:44-0400 [INFO    ] backups2datalad.py Syncing asset /sub-746926904/sub-746926904_ses-764182166_behavior+ophys.nwb
2020-10-12T13:32:44-0400 [INFO    ] backups2datalad.py Asset in dataset, and hash shows no modification; will not update
2020-10-12T13:32:44-0400 [INFO    ] backups2datalad.py Syncing asset /sub-746926904/sub-746926904_ses-764555173_behavior+ophys.nwb
2020-10-12T13:32:45-0400 [INFO    ] backups2datalad.py Asset in dataset, and hash shows no modification; will not update
2020-10-12T13:32:45-0400 [INFO    ] backups2datalad.py Syncing asset /sub-746926904/sub-746926904_ses-765019765_behavior+ophys.nwb
2020-10-12T13:32:45-0400 [INFO    ] backups2datalad.py Asset in dataset, and hash shows no modification; will not update
2020-10-12T13:32:45-0400 [INFO    ] backups2datalad.py Syncing asset /sub-746926904/sub-746926904_ses-767455758_behavior+ophys.nwb
2020-10-12T13:32:46-0400 [INFO    ] backups2datalad.py Asset in dataset, and hash shows no modification; will not update
2020-10-12T13:32:46-0400 [INFO    ] backups2datalad.py Syncing asset /sub-746926904/sub-746926904_ses-768253835_behavior+ophys.nwb
2020-10-12T13:32:46-0400 [INFO    ] backups2datalad.py Asset in dataset, and hash shows no modification; will not update
2020-10-12T13:32:46-0400 [INFO    ] backups2datalad.py Syncing asset /sub-754469470/sub-754469470_ses-769811903_behavior+ophys.nwb
2020-10-12T13:32:46-0400 [INFO    ] backups2datalad.py Asset in dataset, and hash shows no modification; will not update
2020-10-12T13:32:46-0400 [INFO    ] backups2datalad.py Syncing asset /sub-754469470/sub-754469470_ses-770236738_behavior+ophys.nwb
2020-10-12T13:32:47-0400 [INFO    ] backups2datalad.py Asset in dataset, and hash shows no modification; will not update
2020-10-12T13:32:47-0400 [INFO    ] backups2datalad.py Syncing asset /sub-759066288/sub-759066288_ses-773643161_behavior+ophys.nwb
2020-10-12T13:32:47-0400 [INFO    ] backups2datalad.py Asset in dataset, and hash shows no modification; will not update
2020-10-12T13:32:47-0400 [INFO    ] backups2datalad.py Syncing asset /sub-759066288/sub-759066288_ses-774223572_behavior+ophys.nwb
2020-10-12T13:32:47-0400 [INFO    ] backups2datalad.py Asset in dataset, and hash shows no modification; will not update
2020-10-12T13:32:47-0400 [INFO    ] backups2datalad.py Syncing asset /sub-759066288/sub-759066288_ses-774835587_behavior+ophys.nwb
2020-10-12T13:32:48-0400 [INFO    ] backups2datalad.py Asset in dataset, and hash shows no modification; will not update
2020-10-12T13:32:48-0400 [INFO    ] backups2datalad.py Syncing asset /sub-759066288/sub-759066288_ses-775335881_behavior+ophys.nwb
2020-10-12T13:32:48-0400 [INFO    ] backups2datalad.py Asset in dataset, and hash shows no modification; will not update
2020-10-12T13:32:48-0400 [INFO    ] backups2datalad.py Syncing asset /sub-759066288/sub-759066288_ses-777180518_behavior+ophys.nwb
2020-10-12T13:32:48-0400 [INFO    ] backups2datalad.py Asset in dataset, and hash shows no modification; will not update
2020-10-12T13:32:48-0400 [INFO    ] backups2datalad.py Syncing asset /sub-760696809/sub-760696809_ses-770235078_behavior+ophys.nwb
2020-10-12T13:32:49-0400 [INFO    ] backups2datalad.py Asset in dataset, and hash shows no modification; will not update
2020-10-12T13:32:49-0400 [INFO    ] backups2datalad.py Syncing asset /sub-760696809/sub-760696809_ses-771154155_behavior+ophys.nwb
2020-10-12T13:32:49-0400 [INFO    ] backups2datalad.py Asset in dataset, and hash shows no modification; will not update
2020-10-12T13:32:49-0400 [INFO    ] backups2datalad.py Syncing asset /sub-760696809/sub-760696809_ses-772613825_behavior+ophys.nwb
2020-10-12T13:32:49-0400 [INFO    ] backups2datalad.py Asset in dataset, and hash shows no modification; will not update
2020-10-12T13:32:49-0400 [INFO    ] backups2datalad.py Syncing asset /sub-760696809/sub-760696809_ses-774367386_behavior+ophys.nwb
2020-10-12T13:32:50-0400 [INFO    ] backups2datalad.py Asset in dataset, and hash shows no modification; will not update
2020-10-12T13:32:50-0400 [INFO    ] backups2datalad.py Syncing asset /sub-760696809/sub-760696809_ses-775405015_behavior+ophys.nwb
2020-10-12T13:32:50-0400 [INFO    ] backups2datalad.py Asset in dataset, and hash shows no modification; will not update
2020-10-12T13:32:50-0400 [INFO    ] backups2datalad.py Syncing asset /sub-760696809/sub-760696809_ses-776093851_behavior+ophys.nwb
2020-10-12T13:32:51-0400 [INFO    ] backups2datalad.py Asset in dataset, and hash shows no modification; will not update
2020-10-12T13:32:51-0400 [INFO    ] backups2datalad.py Syncing asset /sub-760933183/sub-760933183_ses-783618264_behavior+ophys.nwb
2020-10-12T13:32:51-0400 [INFO    ] backups2datalad.py Asset in dataset, and hash shows no modification; will not update
2020-10-12T13:32:51-0400 [INFO    ] backups2datalad.py Syncing asset /sub-760933183/sub-760933183_ses-787336135_behavior+ophys.nwb
2020-10-12T13:32:51-0400 [INFO    ] backups2datalad.py Asset in dataset, and hash shows no modification; will not update
2020-10-12T13:32:51-0400 [INFO    ] backups2datalad.py Syncing asset /sub-760933183/sub-760933183_ses-788395529_behavior+ophys.nwb
2020-10-12T13:32:52-0400 [INFO    ] backups2datalad.py Asset in dataset, and hash shows no modification; will not update
2020-10-12T13:32:52-0400 [INFO    ] backups2datalad.py Syncing asset /sub-760933183/sub-760933183_ses-789270340_behavior+ophys.nwb
2020-10-12T13:32:52-0400 [INFO    ] backups2datalad.py Asset in dataset, and hash shows no modification; will not update
2020-10-12T13:32:52-0400 [INFO    ] backups2datalad.py Syncing asset /sub-760933183/sub-760933183_ses-790078838_behavior+ophys.nwb
2020-10-12T13:32:52-0400 [INFO    ] backups2datalad.py Asset in dataset, and hash shows no modification; will not update
2020-10-12T13:32:52-0400 [INFO    ] backups2datalad.py Syncing asset /sub-760933183/sub-760933183_ses-790632329_behavior+ophys.nwb
2020-10-12T13:32:53-0400 [INFO    ] backups2datalad.py Asset in dataset, and hash shows no modification; will not update
2020-10-12T13:32:53-0400 [INFO    ] backups2datalad.py Syncing asset /sub-760933183/sub-760933183_ses-791373133_behavior+ophys.nwb
2020-10-12T13:32:53-0400 [INFO    ] backups2datalad.py Asset in dataset, and hash shows no modification; will not update
2020-10-12T13:32:53-0400 [INFO    ] backups2datalad.py Syncing asset /sub-760940732/sub-760940732_ses-791125374_behavior+ophys.nwb
2020-10-12T13:32:54-0400 [INFO    ] backups2datalad.py Asset in dataset, and hash shows no modification; will not update
2020-10-12T13:32:54-0400 [INFO    ] backups2datalad.py Syncing asset /sub-760940732/sub-760940732_ses-791556785_behavior+ophys.nwb
2020-10-12T13:32:54-0400 [INFO    ] backups2datalad.py Asset in dataset, and hash shows no modification; will not update
2020-10-12T13:32:54-0400 [INFO    ] backups2datalad.py Syncing asset /sub-760940732/sub-760940732_ses-792319003_behavior+ophys.nwb
2020-10-12T13:32:54-0400 [INFO    ] backups2datalad.py Asset in dataset, and hash shows no modification; will not update
2020-10-12T13:32:54-0400 [INFO    ] backups2datalad.py Syncing asset /sub-760940732/sub-760940732_ses-793874958_behavior+ophys.nwb
2020-10-12T13:32:55-0400 [INFO    ] backups2datalad.py Asset in dataset, and hash shows no modification; will not update
2020-10-12T13:32:55-0400 [INFO    ] backups2datalad.py Syncing asset /sub-760984688/sub-760984688_ses-782956726_behavior+ophys.nwb
2020-10-12T13:32:55-0400 [INFO    ] backups2datalad.py Asset in dataset, and hash shows no modification; will not update
2020-10-12T13:32:55-0400 [INFO    ] backups2datalad.py Syncing asset /sub-760984688/sub-760984688_ses-783998921_behavior+ophys.nwb
2020-10-12T13:32:55-0400 [INFO    ] backups2datalad.py Asset in dataset, and hash shows no modification; will not update
2020-10-12T13:32:55-0400 [INFO    ] backups2datalad.py Syncing asset /sub-760984688/sub-760984688_ses-785370795_behavior+ophys.nwb
2020-10-12T13:32:56-0400 [INFO    ] backups2datalad.py Asset in dataset, and hash shows no modification; will not update
2020-10-12T13:32:56-0400 [INFO    ] backups2datalad.py Syncing asset /sub-760984688/sub-760984688_ses-786831938_behavior+ophys.nwb
2020-10-12T13:32:56-0400 [INFO    ] backups2datalad.py Asset in dataset, and hash shows no modification; will not update
2020-10-12T13:32:56-0400 [INFO    ] backups2datalad.py Syncing asset /sub-760984688/sub-760984688_ses-787891349_behavior+ophys.nwb
2020-10-12T13:32:56-0400 [INFO    ] backups2datalad.py Asset in dataset, and hash shows no modification; will not update
2020-10-12T13:32:56-0400 [INFO    ] backups2datalad.py Syncing asset /sub-760984688/sub-760984688_ses-790243253_behavior+ophys.nwb
2020-10-12T13:32:57-0400 [INFO    ] backups2datalad.py Asset in dataset, and hash shows no modification; will not update
2020-10-12T13:32:57-0400 [INFO    ] backups2datalad.py Syncing asset /sub-763247322/sub-763247322_ses-789877828_behavior+ophys.nwb
2020-10-12T13:32:57-0400 [INFO    ] backups2datalad.py Asset in dataset, and hash shows no modification; will not update
2020-10-12T13:32:57-0400 [INFO    ] backups2datalad.py Syncing asset /sub-763248171/sub-763248171_ses-790073891_behavior+ophys.nwb
2020-10-12T13:32:57-0400 [INFO    ] backups2datalad.py Asset in dataset, and hash shows no modification; will not update
2020-10-12T13:32:57-0400 [INFO    ] backups2datalad.py Syncing asset /sub-765991985/sub-765991985_ses-788605284_behavior+ophys.nwb
2020-10-12T13:32:58-0400 [INFO    ] backups2datalad.py Asset in dataset, and hash shows no modification; will not update
2020-10-12T13:32:58-0400 [INFO    ] backups2datalad.py Syncing asset /sub-765991985/sub-765991985_ses-789682189_behavior+ophys.nwb
2020-10-12T13:32:58-0400 [INFO    ] backups2datalad.py Asset in dataset, and hash shows no modification; will not update
2020-10-12T13:32:58-0400 [INFO    ] backups2datalad.py Syncing asset /sub-765991985/sub-765991985_ses-791120861_behavior+ophys.nwb
2020-10-12T13:32:59-0400 [INFO    ] backups2datalad.py Asset in dataset, and hash shows no modification; will not update
2020-10-12T13:32:59-0400 [INFO    ] backups2datalad.py Syncing asset /sub-769316535/sub-769316535_ses-790636906_behavior+ophys.nwb
2020-10-12T13:32:59-0400 [INFO    ] backups2datalad.py Asset in dataset, and hash shows no modification; will not update
2020-10-12T13:32:59-0400 [INFO    ] backups2datalad.py Syncing asset /sub-769316535/sub-769316535_ses-791869626_behavior+ophys.nwb
2020-10-12T13:32:59-0400 [INFO    ] backups2datalad.py Asset in dataset, and hash shows no modification; will not update
2020-10-12T13:32:59-0400 [INFO    ] backups2datalad.py Syncing asset /sub-769316535/sub-769316535_ses-794971808_behavior+ophys.nwb
2020-10-12T13:33:00-0400 [INFO    ] backups2datalad.py Asset in dataset, and hash shows no modification; will not update
2020-10-12T13:33:00-0400 [INFO    ] backups2datalad.py Syncing asset /sub-769316535/sub-769316535_ses-795892214_behavior+ophys.nwb
2020-10-12T13:33:00-0400 [INFO    ] backups2datalad.py Asset in dataset, and hash shows no modification; will not update
2020-10-12T13:33:00-0400 [INFO    ] backups2datalad.py Syncing asset /sub-769316535/sub-769316535_ses-797016848_behavior+ophys.nwb
2020-10-12T13:33:00-0400 [INFO    ] backups2datalad.py Asset in dataset, and hash shows no modification; will not update
2020-10-12T13:33:00-0400 [INFO    ] backups2datalad.py Syncing asset /sub-769316535/sub-769316535_ses-799883837_behavior+ophys.nwb
2020-10-12T13:33:01-0400 [INFO    ] backups2datalad.py Asset in dataset, and hash shows no modification; will not update
2020-10-12T13:33:01-0400 [INFO    ] backups2datalad.py Syncing asset /sub-769316535/sub-769316535_ses-802473591_behavior+ophys.nwb
2020-10-12T13:33:01-0400 [INFO    ] backups2datalad.py Asset in dataset, and hash shows no modification; will not update
2020-10-12T13:33:01-0400 [INFO    ] backups2datalad.py Syncing asset /sub-772622312/sub-772622312_ses-806050255_behavior+ophys.nwb
2020-10-12T13:33:01-0400 [INFO    ] backups2datalad.py Asset in dataset, and hash shows no modification; will not update
2020-10-12T13:33:01-0400 [INFO    ] backups2datalad.py Syncing asset /sub-772649832/sub-772649832_ses-803232810_behavior+ophys.nwb
2020-10-12T13:33:02-0400 [INFO    ] backups2datalad.py Asset in dataset, and hash shows no modification; will not update
2020-10-12T13:33:02-0400 [INFO    ] backups2datalad.py Syncing asset /sub-772649832/sub-772649832_ses-804714847_behavior+ophys.nwb
2020-10-12T13:33:02-0400 [INFO    ] backups2datalad.py Asset in dataset, and hash shows no modification; will not update
2020-10-12T13:33:02-0400 [INFO    ] backups2datalad.py Syncing asset /sub-772656187/sub-772656187_ses-800171732_behavior+ophys.nwb
2020-10-12T13:33:02-0400 [INFO    ] backups2datalad.py Asset in dataset, and hash shows no modification; will not update
2020-10-12T13:33:02-0400 [INFO    ] backups2datalad.py Syncing asset /sub-772656187/sub-772656187_ses-802500210_behavior+ophys.nwb
2020-10-12T13:33:03-0400 [INFO    ] backups2datalad.py Asset in dataset, and hash shows no modification; will not update
2020-10-12T13:33:03-0400 [INFO    ] backups2datalad.py Syncing asset /sub-772656187/sub-772656187_ses-802941425_behavior+ophys.nwb
2020-10-12T13:33:03-0400 [INFO    ] backups2datalad.py Asset in dataset, and hash shows no modification; will not update
2020-10-12T13:33:03-0400 [INFO    ] backups2datalad.py Commiting changes
