2020-10-09T17:14:03-0400 [INFO    ] dandi Traversing remote dandisets (000039) recursively
2020-10-09T17:14:03-0400 [INFO    ] backups2datalad.py Updating metadata file
2020-10-09T17:14:10-0400 [INFO    ] backups2datalad.py Syncing asset /sub-661968859/sub-661968859_ses-682746585_behavior+ophys.nwb
2020-10-09T17:14:11-0400 [INFO    ] backups2datalad.py Asset in dataset, and hash shows no modification; will not update
2020-10-09T17:14:11-0400 [INFO    ] backups2datalad.py Syncing asset /sub-664605504/sub-664605504_ses-694856258_behavior+ophys.nwb
2020-10-09T17:14:11-0400 [INFO    ] backups2datalad.py Asset in dataset, and hash shows no modification; will not update
2020-10-09T17:14:11-0400 [INFO    ] backups2datalad.py Syncing asset /sub-664605504/sub-664605504_ses-695462675_behavior+ophys.nwb
2020-10-09T17:14:12-0400 [INFO    ] backups2datalad.py Asset in dataset, and hash shows no modification; will not update
2020-10-09T17:14:12-0400 [INFO    ] backups2datalad.py Syncing asset /sub-664605504/sub-664605504_ses-696537321_behavior+ophys.nwb
2020-10-09T17:14:12-0400 [INFO    ] backups2datalad.py Asset in dataset, and hash shows no modification; will not update
2020-10-09T17:14:12-0400 [INFO    ] backups2datalad.py Syncing asset /sub-666788991/sub-666788991_ses-686569087_behavior+ophys.nwb
2020-10-09T17:14:12-0400 [INFO    ] backups2datalad.py Asset in dataset, and hash shows no modification; will not update
2020-10-09T17:14:12-0400 [INFO    ] backups2datalad.py Syncing asset /sub-666839638/sub-666839638_ses-692796041_behavior+ophys.nwb
2020-10-09T17:14:12-0400 [INFO    ] backups2datalad.py Asset in dataset, and hash shows no modification; will not update
2020-10-09T17:14:12-0400 [INFO    ] backups2datalad.py Syncing asset /sub-666839638/sub-666839638_ses-693268220_behavior+ophys.nwb
2020-10-09T17:14:13-0400 [INFO    ] backups2datalad.py Asset in dataset, and hash shows no modification; will not update
2020-10-09T17:14:13-0400 [INFO    ] backups2datalad.py Syncing asset /sub-666839638/sub-666839638_ses-693811236_behavior+ophys.nwb
2020-10-09T17:14:13-0400 [INFO    ] backups2datalad.py Asset in dataset, and hash shows no modification; will not update
2020-10-09T17:14:13-0400 [INFO    ] backups2datalad.py Syncing asset /sub-666839638/sub-666839638_ses-694475497_behavior+ophys.nwb
2020-10-09T17:14:14-0400 [INFO    ] backups2datalad.py Asset in dataset, and hash shows no modification; will not update
2020-10-09T17:14:14-0400 [INFO    ] backups2datalad.py Syncing asset /sub-666839638/sub-666839638_ses-694867337_behavior+ophys.nwb
2020-10-09T17:14:14-0400 [INFO    ] backups2datalad.py Asset in dataset, and hash shows no modification; will not update
2020-10-09T17:14:14-0400 [INFO    ] backups2datalad.py Syncing asset /sub-666839638/sub-666839638_ses-695464266_behavior+ophys.nwb
2020-10-09T17:14:14-0400 [INFO    ] backups2datalad.py Asset in dataset, and hash shows no modification; will not update
2020-10-09T17:14:14-0400 [INFO    ] backups2datalad.py Syncing asset /sub-669165768/sub-669165768_ses-691862168_behavior+ophys.nwb
2020-10-09T17:14:15-0400 [INFO    ] backups2datalad.py Asset in dataset, and hash shows no modification; will not update
2020-10-09T17:14:15-0400 [INFO    ] backups2datalad.py Syncing asset /sub-669165768/sub-669165768_ses-695640480_behavior+ophys.nwb
2020-10-09T17:14:15-0400 [INFO    ] backups2datalad.py Asset in dataset, and hash shows no modification; will not update
2020-10-09T17:14:15-0400 [INFO    ] backups2datalad.py Syncing asset /sub-671540231/sub-671540231_ses-689723323_behavior+ophys.nwb
2020-10-09T17:14:15-0400 [INFO    ] backups2datalad.py Asset in dataset, and hash shows no modification; will not update
2020-10-09T17:14:15-0400 [INFO    ] backups2datalad.py Syncing asset /sub-671540231/sub-671540231_ses-690751383_behavior+ophys.nwb
2020-10-09T17:14:16-0400 [INFO    ] backups2datalad.py Asset in dataset, and hash shows no modification; will not update
2020-10-09T17:14:16-0400 [INFO    ] backups2datalad.py Syncing asset /sub-671540231/sub-671540231_ses-692130296_behavior+ophys.nwb
2020-10-09T17:14:16-0400 [INFO    ] backups2datalad.py Asset in dataset, and hash shows no modification; will not update
2020-10-09T17:14:16-0400 [INFO    ] backups2datalad.py Syncing asset /sub-671540231/sub-671540231_ses-692713539_behavior+ophys.nwb
2020-10-09T17:14:16-0400 [INFO    ] backups2datalad.py Asset in dataset, and hash shows no modification; will not update
2020-10-09T17:14:16-0400 [INFO    ] backups2datalad.py Syncing asset /sub-671540231/sub-671540231_ses-694777122_behavior+ophys.nwb
2020-10-09T17:14:17-0400 [INFO    ] backups2datalad.py Asset in dataset, and hash shows no modification; will not update
2020-10-09T17:14:17-0400 [INFO    ] backups2datalad.py Syncing asset /sub-671540231/sub-671540231_ses-695414843_behavior+ophys.nwb
2020-10-09T17:14:17-0400 [INFO    ] backups2datalad.py Asset in dataset, and hash shows no modification; will not update
2020-10-09T17:14:17-0400 [INFO    ] backups2datalad.py Syncing asset /sub-673580710/sub-673580710_ses-692496401_behavior+ophys.nwb
2020-10-09T17:14:17-0400 [INFO    ] backups2datalad.py Asset in dataset, and hash shows no modification; will not update
2020-10-09T17:14:17-0400 [INFO    ] backups2datalad.py Syncing asset /sub-673647168/sub-673647168_ses-698273664_behavior+ophys.nwb
2020-10-09T17:14:18-0400 [INFO    ] backups2datalad.py Asset in dataset, and hash shows no modification; will not update
2020-10-09T17:14:18-0400 [INFO    ] backups2datalad.py Syncing asset /sub-673647168/sub-673647168_ses-698783832_behavior+ophys.nwb
2020-10-09T17:14:18-0400 [INFO    ] backups2datalad.py Asset in dataset, and hash shows no modification; will not update
2020-10-09T17:14:18-0400 [INFO    ] backups2datalad.py Syncing asset /sub-673728456/sub-673728456_ses-696250333_behavior+ophys.nwb
2020-10-09T17:14:18-0400 [INFO    ] backups2datalad.py Asset in dataset, and hash shows no modification; will not update
2020-10-09T17:14:18-0400 [INFO    ] backups2datalad.py Syncing asset /sub-673728456/sub-673728456_ses-698273667_behavior+ophys.nwb
2020-10-09T17:14:19-0400 [INFO    ] backups2datalad.py Asset in dataset, and hash shows no modification; will not update
2020-10-09T17:14:19-0400 [INFO    ] backups2datalad.py Syncing asset /sub-675881553/sub-675881553_ses-692896730_behavior+ophys.nwb
2020-10-09T17:14:19-0400 [INFO    ] backups2datalad.py Asset in dataset, and hash shows no modification; will not update
2020-10-09T17:14:19-0400 [INFO    ] backups2datalad.py Syncing asset /sub-675881553/sub-675881553_ses-693352070_behavior+ophys.nwb
2020-10-09T17:14:20-0400 [INFO    ] backups2datalad.py Asset in dataset, and hash shows no modification; will not update
2020-10-09T17:14:20-0400 [INFO    ] backups2datalad.py Syncing asset /sub-675881553/sub-675881553_ses-693913351_behavior+ophys.nwb
2020-10-09T17:14:20-0400 [INFO    ] backups2datalad.py Asset in dataset, and hash shows no modification; will not update
2020-10-09T17:14:20-0400 [INFO    ] backups2datalad.py Syncing asset /sub-675881553/sub-675881553_ses-694568572_behavior+ophys.nwb
2020-10-09T17:14:20-0400 [INFO    ] backups2datalad.py Asset in dataset, and hash shows no modification; will not update
2020-10-09T17:14:20-0400 [INFO    ] backups2datalad.py Syncing asset /sub-678530120/sub-678530120_ses-696742747_behavior+ophys.nwb
2020-10-09T17:14:21-0400 [INFO    ] backups2datalad.py Asset in dataset, and hash shows no modification; will not update
2020-10-09T17:14:21-0400 [INFO    ] backups2datalad.py Syncing asset /sub-678530120/sub-678530120_ses-697383979_behavior+ophys.nwb
2020-10-09T17:14:21-0400 [INFO    ] backups2datalad.py Asset in dataset, and hash shows no modification; will not update
2020-10-09T17:14:21-0400 [INFO    ] backups2datalad.py Syncing asset /sub-678653760/sub-678653760_ses-701070416_behavior+ophys.nwb
2020-10-09T17:14:22-0400 [INFO    ] backups2datalad.py Asset in dataset, and hash shows no modification; will not update
2020-10-09T17:14:22-0400 [INFO    ] backups2datalad.py Syncing asset /sub-699590236/sub-699590236_ses-712155740_behavior+ophys.nwb
2020-10-09T17:14:22-0400 [INFO    ] backups2datalad.py Asset in dataset, and hash shows no modification; will not update
2020-10-09T17:14:22-0400 [INFO    ] backups2datalad.py Syncing asset /sub-699590236/sub-699590236_ses-716532289_behavior+ophys.nwb
2020-10-09T17:14:22-0400 [INFO    ] backups2datalad.py Asset in dataset, and hash shows no modification; will not update
2020-10-09T17:14:22-0400 [INFO    ] backups2datalad.py Syncing asset /sub-699590236/sub-699590236_ses-722443494_behavior+ophys.nwb
2020-10-09T17:14:23-0400 [INFO    ] backups2datalad.py Asset in dataset, and hash shows no modification; will not update
2020-10-09T17:14:23-0400 [INFO    ] backups2datalad.py Syncing asset /sub-699590236/sub-699590236_ses-724712005_behavior+ophys.nwb
2020-10-09T17:14:23-0400 [INFO    ] backups2datalad.py Asset in dataset, and hash shows no modification; will not update
2020-10-09T17:14:23-0400 [INFO    ] backups2datalad.py Syncing asset /sub-699590236/sub-699590236_ses-727153911_behavior+ophys.nwb
2020-10-09T17:14:23-0400 [INFO    ] backups2datalad.py Asset in dataset, and hash shows no modification; will not update
2020-10-09T17:14:23-0400 [INFO    ] backups2datalad.py Syncing asset /sub-710318403/sub-710318403_ses-728188287_behavior+ophys.nwb
2020-10-09T17:14:24-0400 [INFO    ] backups2datalad.py Asset in dataset, and hash shows no modification; will not update
2020-10-09T17:14:24-0400 [INFO    ] backups2datalad.py Syncing asset /sub-710318403/sub-710318403_ses-731095575_behavior+ophys.nwb
2020-10-09T17:14:24-0400 [INFO    ] backups2datalad.py Asset in dataset, and hash shows no modification; will not update
2020-10-09T17:14:24-0400 [INFO    ] backups2datalad.py Syncing asset /sub-710318403/sub-710318403_ses-732239538_behavior+ophys.nwb
2020-10-09T17:14:24-0400 [INFO    ] backups2datalad.py Asset in dataset, and hash shows no modification; will not update
2020-10-09T17:14:24-0400 [INFO    ] backups2datalad.py Syncing asset /sub-710318403/sub-710318403_ses-734322185_behavior+ophys.nwb
2020-10-09T17:14:25-0400 [INFO    ] backups2datalad.py Asset in dataset, and hash shows no modification; will not update
2020-10-09T17:14:25-0400 [INFO    ] backups2datalad.py Syncing asset /sub-726138104/sub-726138104_ses-750551095_behavior+ophys.nwb
2020-10-09T17:14:25-0400 [INFO    ] backups2datalad.py Asset in dataset, and hash shows no modification; will not update
2020-10-09T17:14:25-0400 [INFO    ] backups2datalad.py Syncing asset /sub-726138104/sub-726138104_ses-750900420_behavior+ophys.nwb
2020-10-09T17:14:25-0400 [INFO    ] backups2datalad.py Asset in dataset, and hash shows no modification; will not update
2020-10-09T17:14:25-0400 [INFO    ] backups2datalad.py Syncing asset /sub-727126845/sub-727126845_ses-756102026_behavior+ophys.nwb
2020-10-09T17:14:26-0400 [INFO    ] backups2datalad.py Asset in dataset, and hash shows no modification; will not update
2020-10-09T17:14:26-0400 [INFO    ] backups2datalad.py Syncing asset /sub-745634050/sub-745634050_ses-762656639_behavior+ophys.nwb
2020-10-09T17:14:26-0400 [INFO    ] backups2datalad.py Asset in dataset, and hash shows no modification; will not update
2020-10-09T17:14:26-0400 [INFO    ] backups2datalad.py Syncing asset /sub-745634050/sub-745634050_ses-763196272_behavior+ophys.nwb
2020-10-09T17:14:26-0400 [INFO    ] backups2datalad.py Asset in dataset, and hash shows no modification; will not update
2020-10-09T17:14:26-0400 [INFO    ] backups2datalad.py Syncing asset /sub-746910369/sub-746910369_ses-764175792_behavior+ophys.nwb
2020-10-09T17:14:27-0400 [INFO    ] backups2datalad.py Asset in dataset, and hash shows no modification; will not update
2020-10-09T17:14:27-0400 [INFO    ] backups2datalad.py Syncing asset /sub-746910369/sub-746910369_ses-764554525_behavior+ophys.nwb
2020-10-09T17:14:27-0400 [INFO    ] backups2datalad.py Asset in dataset, and hash shows no modification; will not update
2020-10-09T17:14:27-0400 [INFO    ] backups2datalad.py Syncing asset /sub-746926904/sub-746926904_ses-764182166_behavior+ophys.nwb
2020-10-09T17:14:27-0400 [INFO    ] backups2datalad.py Asset in dataset, and hash shows no modification; will not update
2020-10-09T17:14:27-0400 [INFO    ] backups2datalad.py Syncing asset /sub-746926904/sub-746926904_ses-764555173_behavior+ophys.nwb
2020-10-09T17:14:28-0400 [INFO    ] backups2datalad.py Asset in dataset, and hash shows no modification; will not update
2020-10-09T17:14:28-0400 [INFO    ] backups2datalad.py Syncing asset /sub-746926904/sub-746926904_ses-765019765_behavior+ophys.nwb
2020-10-09T17:14:28-0400 [INFO    ] backups2datalad.py Asset in dataset, and hash shows no modification; will not update
2020-10-09T17:14:28-0400 [INFO    ] backups2datalad.py Syncing asset /sub-746926904/sub-746926904_ses-767455758_behavior+ophys.nwb
2020-10-09T17:14:28-0400 [INFO    ] backups2datalad.py Asset in dataset, and hash shows no modification; will not update
2020-10-09T17:14:28-0400 [INFO    ] backups2datalad.py Syncing asset /sub-746926904/sub-746926904_ses-768253835_behavior+ophys.nwb
2020-10-09T17:14:29-0400 [INFO    ] backups2datalad.py Asset in dataset, and hash shows no modification; will not update
2020-10-09T17:14:29-0400 [INFO    ] backups2datalad.py Syncing asset /sub-754469470/sub-754469470_ses-769811903_behavior+ophys.nwb
2020-10-09T17:14:29-0400 [INFO    ] backups2datalad.py Asset in dataset, and hash shows no modification; will not update
2020-10-09T17:14:29-0400 [INFO    ] backups2datalad.py Syncing asset /sub-754469470/sub-754469470_ses-770236738_behavior+ophys.nwb
2020-10-09T17:14:30-0400 [INFO    ] backups2datalad.py Asset in dataset, and hash shows no modification; will not update
2020-10-09T17:14:30-0400 [INFO    ] backups2datalad.py Syncing asset /sub-759066288/sub-759066288_ses-773643161_behavior+ophys.nwb
2020-10-09T17:14:30-0400 [INFO    ] backups2datalad.py Asset in dataset, and hash shows no modification; will not update
2020-10-09T17:14:30-0400 [INFO    ] backups2datalad.py Syncing asset /sub-759066288/sub-759066288_ses-774223572_behavior+ophys.nwb
2020-10-09T17:14:30-0400 [INFO    ] backups2datalad.py Asset in dataset, and hash shows no modification; will not update
2020-10-09T17:14:30-0400 [INFO    ] backups2datalad.py Syncing asset /sub-759066288/sub-759066288_ses-774835587_behavior+ophys.nwb
2020-10-09T17:14:31-0400 [INFO    ] backups2datalad.py Asset in dataset, and hash shows no modification; will not update
2020-10-09T17:14:31-0400 [INFO    ] backups2datalad.py Syncing asset /sub-759066288/sub-759066288_ses-775335881_behavior+ophys.nwb
2020-10-09T17:14:31-0400 [INFO    ] backups2datalad.py Asset in dataset, and hash shows no modification; will not update
2020-10-09T17:14:31-0400 [INFO    ] backups2datalad.py Syncing asset /sub-759066288/sub-759066288_ses-777180518_behavior+ophys.nwb
2020-10-09T17:14:31-0400 [INFO    ] backups2datalad.py Asset in dataset, and hash shows no modification; will not update
2020-10-09T17:14:31-0400 [INFO    ] backups2datalad.py Syncing asset /sub-760696809/sub-760696809_ses-770235078_behavior+ophys.nwb
2020-10-09T17:14:32-0400 [INFO    ] backups2datalad.py Asset in dataset, and hash shows no modification; will not update
2020-10-09T17:14:32-0400 [INFO    ] backups2datalad.py Syncing asset /sub-760696809/sub-760696809_ses-771154155_behavior+ophys.nwb
2020-10-09T17:14:32-0400 [INFO    ] backups2datalad.py Asset in dataset, and hash shows no modification; will not update
2020-10-09T17:14:32-0400 [INFO    ] backups2datalad.py Syncing asset /sub-760696809/sub-760696809_ses-772613825_behavior+ophys.nwb
2020-10-09T17:14:32-0400 [INFO    ] backups2datalad.py Asset in dataset, and hash shows no modification; will not update
2020-10-09T17:14:32-0400 [INFO    ] backups2datalad.py Syncing asset /sub-760696809/sub-760696809_ses-774367386_behavior+ophys.nwb
2020-10-09T17:14:33-0400 [INFO    ] backups2datalad.py Asset in dataset, and hash shows no modification; will not update
2020-10-09T17:14:33-0400 [INFO    ] backups2datalad.py Syncing asset /sub-760696809/sub-760696809_ses-775405015_behavior+ophys.nwb
2020-10-09T17:14:33-0400 [INFO    ] backups2datalad.py Asset in dataset, and hash shows no modification; will not update
2020-10-09T17:14:33-0400 [INFO    ] backups2datalad.py Syncing asset /sub-760696809/sub-760696809_ses-776093851_behavior+ophys.nwb
2020-10-09T17:14:33-0400 [INFO    ] backups2datalad.py Asset in dataset, and hash shows no modification; will not update
2020-10-09T17:14:33-0400 [INFO    ] backups2datalad.py Syncing asset /sub-760933183/sub-760933183_ses-783618264_behavior+ophys.nwb
2020-10-09T17:14:34-0400 [INFO    ] backups2datalad.py Asset in dataset, and hash shows no modification; will not update
2020-10-09T17:14:34-0400 [INFO    ] backups2datalad.py Syncing asset /sub-760933183/sub-760933183_ses-787336135_behavior+ophys.nwb
2020-10-09T17:14:34-0400 [INFO    ] backups2datalad.py Asset in dataset, and hash shows no modification; will not update
2020-10-09T17:14:34-0400 [INFO    ] backups2datalad.py Syncing asset /sub-760933183/sub-760933183_ses-788395529_behavior+ophys.nwb
2020-10-09T17:14:34-0400 [INFO    ] backups2datalad.py Asset in dataset, and hash shows no modification; will not update
2020-10-09T17:14:34-0400 [INFO    ] backups2datalad.py Syncing asset /sub-760933183/sub-760933183_ses-789270340_behavior+ophys.nwb
2020-10-09T17:14:35-0400 [INFO    ] backups2datalad.py Asset in dataset, and hash shows no modification; will not update
2020-10-09T17:14:35-0400 [INFO    ] backups2datalad.py Syncing asset /sub-760933183/sub-760933183_ses-790078838_behavior+ophys.nwb
2020-10-09T17:14:35-0400 [INFO    ] backups2datalad.py Asset in dataset, and hash shows no modification; will not update
2020-10-09T17:14:35-0400 [INFO    ] backups2datalad.py Syncing asset /sub-760933183/sub-760933183_ses-790632329_behavior+ophys.nwb
2020-10-09T17:14:35-0400 [INFO    ] backups2datalad.py Asset in dataset, and hash shows no modification; will not update
2020-10-09T17:14:35-0400 [INFO    ] backups2datalad.py Syncing asset /sub-760933183/sub-760933183_ses-791373133_behavior+ophys.nwb
2020-10-09T17:14:36-0400 [INFO    ] backups2datalad.py Asset in dataset, and hash shows no modification; will not update
2020-10-09T17:14:36-0400 [INFO    ] backups2datalad.py Syncing asset /sub-760940732/sub-760940732_ses-791125374_behavior+ophys.nwb
2020-10-09T17:14:36-0400 [INFO    ] backups2datalad.py Asset in dataset, and hash shows no modification; will not update
2020-10-09T17:14:36-0400 [INFO    ] backups2datalad.py Syncing asset /sub-760940732/sub-760940732_ses-791556785_behavior+ophys.nwb
2020-10-09T17:14:36-0400 [INFO    ] backups2datalad.py Asset in dataset, and hash shows no modification; will not update
2020-10-09T17:14:36-0400 [INFO    ] backups2datalad.py Syncing asset /sub-760940732/sub-760940732_ses-792319003_behavior+ophys.nwb
2020-10-09T17:14:37-0400 [INFO    ] backups2datalad.py Asset in dataset, and hash shows no modification; will not update
2020-10-09T17:14:37-0400 [INFO    ] backups2datalad.py Syncing asset /sub-760940732/sub-760940732_ses-793874958_behavior+ophys.nwb
2020-10-09T17:14:37-0400 [INFO    ] backups2datalad.py Asset in dataset, and hash shows no modification; will not update
2020-10-09T17:14:37-0400 [INFO    ] backups2datalad.py Syncing asset /sub-760984688/sub-760984688_ses-782956726_behavior+ophys.nwb
2020-10-09T17:14:37-0400 [INFO    ] backups2datalad.py Asset in dataset, and hash shows no modification; will not update
2020-10-09T17:14:37-0400 [INFO    ] backups2datalad.py Syncing asset /sub-760984688/sub-760984688_ses-783998921_behavior+ophys.nwb
2020-10-09T17:14:38-0400 [INFO    ] backups2datalad.py Asset in dataset, and hash shows no modification; will not update
2020-10-09T17:14:38-0400 [INFO    ] backups2datalad.py Syncing asset /sub-760984688/sub-760984688_ses-785370795_behavior+ophys.nwb
2020-10-09T17:14:38-0400 [INFO    ] backups2datalad.py Asset in dataset, and hash shows no modification; will not update
2020-10-09T17:14:38-0400 [INFO    ] backups2datalad.py Syncing asset /sub-760984688/sub-760984688_ses-786831938_behavior+ophys.nwb
2020-10-09T17:14:38-0400 [INFO    ] backups2datalad.py Asset in dataset, and hash shows no modification; will not update
2020-10-09T17:14:38-0400 [INFO    ] backups2datalad.py Syncing asset /sub-760984688/sub-760984688_ses-787891349_behavior+ophys.nwb
2020-10-09T17:14:39-0400 [INFO    ] backups2datalad.py Asset in dataset, and hash shows no modification; will not update
2020-10-09T17:14:39-0400 [INFO    ] backups2datalad.py Syncing asset /sub-760984688/sub-760984688_ses-790243253_behavior+ophys.nwb
2020-10-09T17:14:39-0400 [INFO    ] backups2datalad.py Asset in dataset, and hash shows no modification; will not update
2020-10-09T17:14:39-0400 [INFO    ] backups2datalad.py Syncing asset /sub-763247322/sub-763247322_ses-789877828_behavior+ophys.nwb
2020-10-09T17:14:39-0400 [INFO    ] backups2datalad.py Asset in dataset, and hash shows no modification; will not update
2020-10-09T17:14:39-0400 [INFO    ] backups2datalad.py Syncing asset /sub-763248171/sub-763248171_ses-790073891_behavior+ophys.nwb
2020-10-09T17:14:40-0400 [INFO    ] backups2datalad.py Asset in dataset, and hash shows no modification; will not update
2020-10-09T17:14:40-0400 [INFO    ] backups2datalad.py Syncing asset /sub-765991985/sub-765991985_ses-788605284_behavior+ophys.nwb
2020-10-09T17:14:40-0400 [INFO    ] backups2datalad.py Asset in dataset, and hash shows no modification; will not update
2020-10-09T17:14:40-0400 [INFO    ] backups2datalad.py Syncing asset /sub-765991985/sub-765991985_ses-789682189_behavior+ophys.nwb
2020-10-09T17:14:41-0400 [INFO    ] backups2datalad.py Asset in dataset, and hash shows no modification; will not update
2020-10-09T17:14:41-0400 [INFO    ] backups2datalad.py Syncing asset /sub-765991985/sub-765991985_ses-791120861_behavior+ophys.nwb
2020-10-09T17:14:41-0400 [INFO    ] backups2datalad.py Asset in dataset, and hash shows no modification; will not update
2020-10-09T17:14:41-0400 [INFO    ] backups2datalad.py Syncing asset /sub-769316535/sub-769316535_ses-790636906_behavior+ophys.nwb
2020-10-09T17:14:41-0400 [INFO    ] backups2datalad.py Asset in dataset, and hash shows no modification; will not update
2020-10-09T17:14:41-0400 [INFO    ] backups2datalad.py Syncing asset /sub-769316535/sub-769316535_ses-791869626_behavior+ophys.nwb
2020-10-09T17:14:42-0400 [INFO    ] backups2datalad.py Asset in dataset, and hash shows no modification; will not update
2020-10-09T17:14:42-0400 [INFO    ] backups2datalad.py Syncing asset /sub-769316535/sub-769316535_ses-794971808_behavior+ophys.nwb
2020-10-09T17:14:42-0400 [INFO    ] backups2datalad.py Asset in dataset, and hash shows no modification; will not update
2020-10-09T17:14:42-0400 [INFO    ] backups2datalad.py Syncing asset /sub-769316535/sub-769316535_ses-795892214_behavior+ophys.nwb
2020-10-09T17:14:42-0400 [INFO    ] backups2datalad.py Asset in dataset, and hash shows no modification; will not update
2020-10-09T17:14:42-0400 [INFO    ] backups2datalad.py Syncing asset /sub-769316535/sub-769316535_ses-797016848_behavior+ophys.nwb
2020-10-09T17:14:43-0400 [INFO    ] backups2datalad.py Asset in dataset, and hash shows no modification; will not update
2020-10-09T17:14:43-0400 [INFO    ] backups2datalad.py Syncing asset /sub-769316535/sub-769316535_ses-799883837_behavior+ophys.nwb
2020-10-09T17:14:43-0400 [INFO    ] backups2datalad.py Asset in dataset, and hash shows no modification; will not update
2020-10-09T17:14:43-0400 [INFO    ] backups2datalad.py Syncing asset /sub-769316535/sub-769316535_ses-802473591_behavior+ophys.nwb
2020-10-09T17:14:43-0400 [INFO    ] backups2datalad.py Asset in dataset, and hash shows no modification; will not update
2020-10-09T17:14:43-0400 [INFO    ] backups2datalad.py Syncing asset /sub-772622312/sub-772622312_ses-806050255_behavior+ophys.nwb
2020-10-09T17:14:44-0400 [INFO    ] backups2datalad.py Asset in dataset, and hash shows no modification; will not update
2020-10-09T17:14:44-0400 [INFO    ] backups2datalad.py Syncing asset /sub-772649832/sub-772649832_ses-803232810_behavior+ophys.nwb
2020-10-09T17:14:44-0400 [INFO    ] backups2datalad.py Asset in dataset, and hash shows no modification; will not update
2020-10-09T17:14:44-0400 [INFO    ] backups2datalad.py Syncing asset /sub-772649832/sub-772649832_ses-804714847_behavior+ophys.nwb
2020-10-09T17:14:44-0400 [INFO    ] backups2datalad.py Asset in dataset, and hash shows no modification; will not update
2020-10-09T17:14:44-0400 [INFO    ] backups2datalad.py Syncing asset /sub-772656187/sub-772656187_ses-800171732_behavior+ophys.nwb
2020-10-09T17:14:45-0400 [INFO    ] backups2datalad.py Asset in dataset, and hash shows no modification; will not update
2020-10-09T17:14:45-0400 [INFO    ] backups2datalad.py Syncing asset /sub-772656187/sub-772656187_ses-802500210_behavior+ophys.nwb
2020-10-09T17:14:45-0400 [INFO    ] backups2datalad.py Asset in dataset, and hash shows no modification; will not update
2020-10-09T17:14:45-0400 [INFO    ] backups2datalad.py Syncing asset /sub-772656187/sub-772656187_ses-802941425_behavior+ophys.nwb
2020-10-09T17:14:46-0400 [INFO    ] backups2datalad.py Asset in dataset, and hash shows no modification; will not update
2020-10-09T17:14:46-0400 [INFO    ] backups2datalad.py Commiting changes
2020-10-09T17:14:46-0400 [INFO    ] backups2datalad.py Creating GitHub sibling for 000039
2020-10-09T17:14:46-0400 [INFO    ] backups2datalad.py Pushing to sibling
2020-10-09T17:14:46-0400 [INFO    ] datalad.core.distributed.push Determine push target
2020-10-09T17:14:46-0400 [INFO    ] datalad.core.distributed.push Push refspecs
2020-10-09T17:14:46-0400 [INFO    ] datalad.core.distributed.push Transfer data
2020-10-09T17:14:46-0400 [INFO    ] datalad.core.distributed.push Update availability information
2020-10-09T17:14:48-0400 [INFO    ] datalad.gitrepo Start enumerating objects
2020-10-09T17:14:48-0400 [INFO    ] datalad.gitrepo Finished enumerating objects
2020-10-09T17:14:48-0400 [INFO    ] datalad.gitrepo Start counting objects
2020-10-09T17:14:48-0400 [INFO    ] datalad.gitrepo Counting objects:   9% (1/11)
2020-10-09T17:14:48-0400 [INFO    ] datalad.gitrepo Counting objects:  18% (2/11)
2020-10-09T17:14:48-0400 [INFO    ] datalad.gitrepo Counting objects:  27% (3/11)
2020-10-09T17:14:48-0400 [INFO    ] datalad.gitrepo Counting objects:  36% (4/11)
2020-10-09T17:14:48-0400 [INFO    ] datalad.gitrepo Counting objects:  45% (5/11)
2020-10-09T17:14:48-0400 [INFO    ] datalad.gitrepo Counting objects:  54% (6/11)
2020-10-09T17:14:48-0400 [INFO    ] datalad.gitrepo Counting objects:  63% (7/11)
2020-10-09T17:14:48-0400 [INFO    ] datalad.gitrepo Counting objects:  72% (8/11)
2020-10-09T17:14:48-0400 [INFO    ] datalad.gitrepo Counting objects:  81% (9/11)
2020-10-09T17:14:48-0400 [INFO    ] datalad.gitrepo Counting objects:  90% (10/11)
2020-10-09T17:14:48-0400 [INFO    ] datalad.gitrepo Counting objects: 100% (11/11)
2020-10-09T17:14:48-0400 [INFO    ] datalad.gitrepo Counting objects: 100% (11/11), done.
2020-10-09T17:14:48-0400 [INFO    ] datalad.gitrepo Finished counting objects
2020-10-09T17:14:48-0400 [INFO    ] datalad.gitrepo Start compressing objects
2020-10-09T17:14:48-0400 [INFO    ] datalad.gitrepo Compressing objects:  14% (1/7)
2020-10-09T17:14:48-0400 [INFO    ] datalad.gitrepo Compressing objects:  28% (2/7)
2020-10-09T17:14:48-0400 [INFO    ] datalad.gitrepo Compressing objects:  42% (3/7)
2020-10-09T17:14:48-0400 [INFO    ] datalad.gitrepo Compressing objects:  57% (4/7)
2020-10-09T17:14:48-0400 [INFO    ] datalad.gitrepo Compressing objects:  71% (5/7)
2020-10-09T17:14:48-0400 [INFO    ] datalad.gitrepo Compressing objects:  85% (6/7)
2020-10-09T17:14:48-0400 [INFO    ] datalad.gitrepo Compressing objects: 100% (7/7)
2020-10-09T17:14:48-0400 [INFO    ] datalad.gitrepo Compressing objects: 100% (7/7), done.
2020-10-09T17:14:48-0400 [INFO    ] datalad.gitrepo Finished compressing objects
2020-10-09T17:14:48-0400 [INFO    ] datalad.gitrepo Start writing objects
2020-10-09T17:14:48-0400 [INFO    ] datalad.gitrepo Writing objects:  14% (1/7)
2020-10-09T17:14:48-0400 [INFO    ] datalad.gitrepo Writing objects:  28% (2/7)
2020-10-09T17:14:48-0400 [INFO    ] datalad.gitrepo Writing objects:  42% (3/7)
2020-10-09T17:14:48-0400 [INFO    ] datalad.gitrepo Writing objects:  57% (4/7)
2020-10-09T17:14:48-0400 [INFO    ] datalad.gitrepo Writing objects:  71% (5/7)
2020-10-09T17:14:48-0400 [INFO    ] datalad.gitrepo Writing objects:  85% (6/7)
2020-10-09T17:14:48-0400 [INFO    ] datalad.gitrepo Writing objects: 100% (7/7)
2020-10-09T17:14:48-0400 [INFO    ] datalad.gitrepo Writing objects: 100% (7/7), 5.82 KiB | 1.45 MiB/s, done.
2020-10-09T17:14:48-0400 [INFO    ] datalad.gitrepo Finished writing objects
2020-10-09T17:14:48-0400 [INFO    ] datalad.gitrepo Start resolving deltas
2020-10-09T17:14:48-0400 [INFO    ] datalad.gitrepo remote: Resolving deltas:   0% (0/3)
2020-10-09T17:14:48-0400 [INFO    ] datalad.gitrepo remote: Resolving deltas:  33% (1/3)
2020-10-09T17:14:48-0400 [INFO    ] datalad.gitrepo remote: Resolving deltas: 100% (3/3)
2020-10-09T17:14:48-0400 [INFO    ] datalad.gitrepo remote: Resolving deltas: 100% (3/3), completed with 2 local objects.
2020-10-09T17:14:50-0400 [INFO    ] datalad.gitrepo Finished
2020-10-09T17:14:50-0400 [INFO    ] datalad.core.distributed.push Finished push of Dataset(/mnt/backup/dandi/dandiarchive-replica/000039)
